<?xml version="1.0" encoding="UTF-8"?>
<!-- Generated by org.testng.reporters.JUnitReportReporter -->
<testsuite hostname="DESKTOP-1QRBN7B" name="com.zest.qa.testcases.CommonTest" tests="3" failures="0" timestamp="25 Feb 2020 16:12:53 GMT" time="70.301" errors="0">
  <testcase name="comparePrice" time="8.747" classname="com.zest.qa.testcases.CommonTest"/>
  <testcase name="searchProductAndPriceInAmazon" time="39.838" classname="com.zest.qa.testcases.CommonTest"/>
  <testcase name="searchProductAndPriceInFlipkart" time="21.716" classname="com.zest.qa.testcases.CommonTest"/>
</testsuite> <!-- com.zest.qa.testcases.CommonTest -->
