<?xml version="1.0" encoding="UTF-8"?>
<!-- Generated by org.testng.reporters.JUnitReportReporter -->
<testsuite hostname="DESKTOP-1QRBN7B" name="com.zest.qa.testcases.AmazonHomePageTest" tests="1" failures="0" timestamp="23 Feb 2020 15:03:34 GMT" time="33.417" errors="0">
  <testcase name="searchProduct" time="33.417" classname="com.zest.qa.testcases.AmazonHomePageTest"/>
</testsuite> <!-- com.zest.qa.testcases.AmazonHomePageTest -->
