<?xml version="1.0" encoding="UTF-8"?>
<!-- Generated by org.testng.reporters.JUnitReportReporter -->
<testsuite hostname="DESKTOP-1QRBN7B" name="com.zest.qa.testcases.FlipkartHomePageTest" tests="1" failures="0" timestamp="23 Feb 2020 15:52:17 GMT" time="16.691" errors="0">
  <testcase name="searchProductAndPriceInAmazon" time="16.691" classname="com.zest.qa.testcases.FlipkartHomePageTest"/>
</testsuite> <!-- com.zest.qa.testcases.FlipkartHomePageTest -->
